-------------------------------------------------------------------------------
Test set: io.pronab.booklist.back.TestBookServiceuCurlExecutor
-------------------------------------------------------------------------------
Tests run: 1, Failures: 1, Errors: 0, Skipped: 0, Time elapsed: 0.188 sec <<< FAILURE! - in io.pronab.booklist.back.TestBookServiceuCurlExecutor
testJson(io.pronab.booklist.back.TestBookServiceuCurlExecutor)  Time elapsed: 0.113 sec  <<< FAILURE!
java.lang.AssertionError: null
	at io.pronab.booklist.back.TestBookServiceuCurlExecutor.testJson(TestBookServiceuCurlExecutor.java:32)

